<?xml version="1.0" encoding="UTF-8"?>
<testng-results skipped="0" failed="0" ignored="0" total="2" passed="2">
  <reporter-output>
  </reporter-output>
  <suite name="Default suite" duration-ms="49551" started-at="2018-01-12T08:09:55Z" finished-at="2018-01-12T08:10:45Z">
    <groups>
    </groups>
    <test name="Default test" duration-ms="49551" started-at="2018-01-12T08:09:55Z" finished-at="2018-01-12T08:10:45Z">
      <class name="com.qs.tests.LoginTest">
        <test-method status="PASS" signature="setUp()[pri:0, instance:com.qs.tests.LoginTest@cc285f4]" name="setUp" is-config="true" duration-ms="34387" started-at="2018-01-12T13:39:55Z" finished-at="2018-01-12T13:40:29Z">
          <reporter-output>
          </reporter-output>
        </test-method> <!-- setUp -->
        <test-method status="PASS" signature="loginTest()[pri:0, instance:com.qs.tests.LoginTest@cc285f4]" name="loginTest" duration-ms="11833" started-at="2018-01-12T13:40:29Z" finished-at="2018-01-12T13:40:41Z">
          <reporter-output>
          </reporter-output>
        </test-method> <!-- loginTest -->
        <test-method status="PASS" signature="logoutTest()[pri:0, instance:com.qs.tests.LoginTest@cc285f4]" name="logoutTest" duration-ms="3282" started-at="2018-01-12T13:40:41Z" finished-at="2018-01-12T13:40:45Z">
          <reporter-output>
          </reporter-output>
        </test-method> <!-- logoutTest -->
        <test-method status="PASS" signature="tearDown()[pri:0, instance:com.qs.tests.LoginTest@cc285f4]" name="tearDown" is-config="true" duration-ms="88" started-at="2018-01-12T13:40:45Z" finished-at="2018-01-12T13:40:45Z">
          <reporter-output>
          </reporter-output>
        </test-method> <!-- tearDown -->
      </class> <!-- com.qs.tests.LoginTest -->
    </test> <!-- Default test -->
  </suite> <!-- Default suite -->
</testng-results>
